<?xml version="1.0" encoding="UTF-8"?>
<!-- Generated by org.testng.reporters.JUnitReportReporter -->
<testsuite hostname="LAPTOP-OC9VCOAV" failures="0" tests="2" name="com.ecommerce.testcases.IndexPageTest" time="23.147" errors="0" timestamp="01 May 2022 14:53:17 GMT" skipped="0">
  <testcase classname="com.ecommerce.testcases.IndexPageTest" name="verifyLogo" time="9.618"/>
  <testcase classname="com.ecommerce.testcases.IndexPageTest" name="verifyTitle" time="13.529"/>
</testsuite> <!-- com.ecommerce.testcases.IndexPageTest -->
