<?xml version="1.0" encoding="UTF-8"?>
<!-- Generated by org.testng.reporters.JUnitReportReporter -->
<testsuite hostname="LAPTOP-OC9VCOAV" failures="0" tests="2" name="com.ecommerce.testcases.HomePageTest" time="84.907" errors="0" timestamp="01 May 2022 14:53:17 GMT" skipped="0">
  <testcase classname="com.ecommerce.testcases.HomePageTest" name="wishListTest" time="65.969"/>
  <testcase classname="com.ecommerce.testcases.HomePageTest" name="orderHistoryandDetailsTest" time="18.938"/>
</testsuite> <!-- com.ecommerce.testcases.HomePageTest -->
