<?xml version="1.0" encoding="UTF-8"?>
<!-- Generated by org.testng.reporters.JUnitReportReporter -->
<testsuite hostname="LAPTOP-OC9VCOAV" failures="0" tests="1" name="com.ecommerce.testcases.AddToCartPageTest" time="36.964" errors="0" timestamp="01 May 2022 14:53:17 GMT" skipped="0">
  <testcase classname="com.ecommerce.testcases.AddToCartPageTest" name="addToCartTest" time="36.964"/>
</testsuite> <!-- com.ecommerce.testcases.AddToCartPageTest -->
